Starting ServerAs400 on lorenzo with PID 848 (/home/lorenzo/workspace/idea_projects/ServerAs400Json/build/classes/java/main started by lorenzo in /home/lorenzo/workspace/idea_projects/ServerAs400Json)
Running with Spring Boot v2.0.5.RELEASE, Spring v5.0.9.RELEASE
No active profile set, falling back to default profiles: default
Refreshing org.springframework.boot.web.servlet.context.AnnotationConfigServletWebServerApplicationContext@32115b28: startup date [Sun Mar 22 14:36:20 CET 2020]; root of context hierarchy
Bean 'asyncTaskConfig' of type [AsyncTaskConfig$$EnhancerBySpringCGLIB$$3c1e01c3] is not eligible for getting processed by all BeanPostProcessors (for example: not eligible for auto-proxying)
Initializing ExecutorService 
Tomcat initialized with port(s): 9880 (http)
Initializing ProtocolHandler ["http-nio-9880"]
Starting service [Tomcat]
Starting Servlet Engine: Apache Tomcat/8.5.34
The APR based Apache Tomcat Native library which allows optimal performance in production environments was not found on the java.library.path: [/usr/java/packages/lib/amd64:/usr/lib64:/lib64:/lib:/usr/lib]
Initializing Spring embedded WebApplicationContext
Root WebApplicationContext: initialization completed in 3857 ms
Servlet dispatcherServlet mapped to [/]
Mapping filter: 'characterEncodingFilter' to: [/*]
Mapping filter: 'hiddenHttpMethodFilter' to: [/*]
Mapping filter: 'httpPutFormContentFilter' to: [/*]
Mapping filter: 'requestContextFilter' to: [/*]
Mapped URL path [/**/favicon.ico] onto handler of type [class org.springframework.web.servlet.resource.ResourceHttpRequestHandler]
Looking for @ControllerAdvice: org.springframework.boot.web.servlet.context.AnnotationConfigServletWebServerApplicationContext@32115b28: startup date [Sun Mar 22 14:36:20 CET 2020]; root of context hierarchy
Mapped "{[/b2b/requestData1]}" onto public org.json.simple.JSONObject DisponibilitaController.getJSON(java.lang.String)
Mapped "{[/b2b/budget]}" onto public org.json.simple.JSONObject InvioDatiController.getDisponibilita(java.lang.String)
Mapped "{[/b2b/requestData]}" onto public java.lang.String InvioDatiController.getDati(java.lang.String)
Mapped "{[/b2b/settingdata]}" onto public java.lang.String InvioDatiController.invioDati(java.lang.String,java.lang.String)
Mapped "{[/error],produces=[text/html]}" onto public org.springframework.web.servlet.ModelAndView org.springframework.boot.autoconfigure.web.servlet.error.BasicErrorController.errorHtml(javax.servlet.http.HttpServletRequest,javax.servlet.http.HttpServletResponse)
Mapped "{[/error]}" onto public org.springframework.http.ResponseEntity<java.util.Map<java.lang.String, java.lang.Object>> org.springframework.boot.autoconfigure.web.servlet.error.BasicErrorController.error(javax.servlet.http.HttpServletRequest)
Mapped URL path [/webjars/**] onto handler of type [class org.springframework.web.servlet.resource.ResourceHttpRequestHandler]
Mapped URL path [/**] onto handler of type [class org.springframework.web.servlet.resource.ResourceHttpRequestHandler]
Registering beans for JMX exposure on startup
No TaskScheduler/ScheduledExecutorService bean found for scheduled processing
Starting ProtocolHandler ["http-nio-9880"]
Using a shared selector for servlet write/read
Tomcat started on port(s): 9880 (http) with context path ''
Started ServerAs400 in 6.392 seconds (JVM running for 7.238)
disp
Error parsing HTTP request header
 Note: further occurrences of HTTP header parsing errors will be logged at DEBUG level.
java.lang.IllegalArgumentException: Invalid character found in method name. HTTP method names must be tokens
	at org.apache.coyote.http11.Http11InputBuffer.parseRequestLine(Http11InputBuffer.java:428)
	at org.apache.coyote.http11.Http11Processor.service(Http11Processor.java:684)
	at org.apache.coyote.AbstractProcessorLight.process(AbstractProcessorLight.java:66)
	at org.apache.coyote.AbstractProtocol$ConnectionHandler.process(AbstractProtocol.java:806)
	at org.apache.tomcat.util.net.NioEndpoint$SocketProcessor.doRun(NioEndpoint.java:1498)
	at org.apache.tomcat.util.net.SocketProcessorBase.run(SocketProcessorBase.java:49)
	at java.util.concurrent.ThreadPoolExecutor.runWorker(ThreadPoolExecutor.java:1149)
	at java.util.concurrent.ThreadPoolExecutor$Worker.run(ThreadPoolExecutor.java:624)
	at org.apache.tomcat.util.threads.TaskThread$WrappingRunnable.run(TaskThread.java:61)
	at java.lang.Thread.run(Thread.java:748)
Error parsing HTTP request header
 Note: further occurrences of HTTP header parsing errors will be logged at DEBUG level.
java.lang.IllegalArgumentException: Invalid character found in method name. HTTP method names must be tokens
	at org.apache.coyote.http11.Http11InputBuffer.parseRequestLine(Http11InputBuffer.java:428)
	at org.apache.coyote.http11.Http11Processor.service(Http11Processor.java:684)
	at org.apache.coyote.AbstractProcessorLight.process(AbstractProcessorLight.java:66)
	at org.apache.coyote.AbstractProtocol$ConnectionHandler.process(AbstractProtocol.java:806)
	at org.apache.tomcat.util.net.NioEndpoint$SocketProcessor.doRun(NioEndpoint.java:1498)
	at org.apache.tomcat.util.net.SocketProcessorBase.run(SocketProcessorBase.java:49)
	at java.util.concurrent.ThreadPoolExecutor.runWorker(ThreadPoolExecutor.java:1149)
	at java.util.concurrent.ThreadPoolExecutor$Worker.run(ThreadPoolExecutor.java:624)
	at org.apache.tomcat.util.threads.TaskThread$WrappingRunnable.run(TaskThread.java:61)
	at java.lang.Thread.run(Thread.java:748)
Initializing Spring FrameworkServlet 'dispatcherServlet'
FrameworkServlet 'dispatcherServlet': initialization started
FrameworkServlet 'dispatcherServlet': initialization completed in 22 ms
Closing org.springframework.boot.web.servlet.context.AnnotationConfigServletWebServerApplicationContext@32115b28: startup date [Sun Mar 22 14:36:20 CET 2020]; root of context hierarchy
Unregistering JMX-exposed beans on shutdown
