Starting ServerAs400 on lorenzo with PID 19167 (/home/lorenzo/workspace/idea_projects/ServerAs400Json/build/classes/java/main started by lorenzo in /home/lorenzo/workspace/idea_projects/ServerAs400Json)
Running with Spring Boot v2.0.5.RELEASE, Spring v5.0.9.RELEASE
No active profile set, falling back to default profiles: default
Refreshing org.springframework.boot.web.servlet.context.AnnotationConfigServletWebServerApplicationContext@61710c6: startup date [Tue Nov 05 11:16:31 CET 2019]; root of context hierarchy
Bean 'asyncTaskConfig' of type [AsyncTaskConfig$$EnhancerBySpringCGLIB$$b6f96084] is not eligible for getting processed by all BeanPostProcessors (for example: not eligible for auto-proxying)
Initializing ExecutorService 
Tomcat initialized with port(s): 8100 (http)
Initializing ProtocolHandler ["http-nio-8100"]
Starting service [Tomcat]
Starting Servlet Engine: Apache Tomcat/8.5.34
The APR based Apache Tomcat Native library which allows optimal performance in production environments was not found on the java.library.path: [/usr/java/packages/lib/amd64:/usr/lib64:/lib64:/lib:/usr/lib]
Initializing Spring embedded WebApplicationContext
Root WebApplicationContext: initialization completed in 2167 ms
Servlet dispatcherServlet mapped to [/]
Mapping filter: 'characterEncodingFilter' to: [/*]
Mapping filter: 'hiddenHttpMethodFilter' to: [/*]
Mapping filter: 'httpPutFormContentFilter' to: [/*]
Mapping filter: 'requestContextFilter' to: [/*]
Mapped URL path [/**/favicon.ico] onto handler of type [class org.springframework.web.servlet.resource.ResourceHttpRequestHandler]
Looking for @ControllerAdvice: org.springframework.boot.web.servlet.context.AnnotationConfigServletWebServerApplicationContext@61710c6: startup date [Tue Nov 05 11:16:31 CET 2019]; root of context hierarchy
Mapped "{[/b2b/requestData1]}" onto public org.json.simple.JSONObject DisponibilitaController.getJSON(java.lang.String)
Mapped "{[/b2b/requestData]}" onto public java.lang.String InvioDatiController.getDati(java.lang.String)
Mapped "{[/b2b/settingdata]}" onto public java.lang.String InvioDatiController.invioDati(java.lang.String,java.lang.String)
Mapped "{[/b2b/budget]}" onto public org.json.simple.JSONObject InvioDatiController.getDisponibilita(java.lang.String)
Mapped "{[/error],produces=[text/html]}" onto public org.springframework.web.servlet.ModelAndView org.springframework.boot.autoconfigure.web.servlet.error.BasicErrorController.errorHtml(javax.servlet.http.HttpServletRequest,javax.servlet.http.HttpServletResponse)
Mapped "{[/error]}" onto public org.springframework.http.ResponseEntity<java.util.Map<java.lang.String, java.lang.Object>> org.springframework.boot.autoconfigure.web.servlet.error.BasicErrorController.error(javax.servlet.http.HttpServletRequest)
Mapped URL path [/webjars/**] onto handler of type [class org.springframework.web.servlet.resource.ResourceHttpRequestHandler]
Mapped URL path [/**] onto handler of type [class org.springframework.web.servlet.resource.ResourceHttpRequestHandler]
Registering beans for JMX exposure on startup
No TaskScheduler/ScheduledExecutorService bean found for scheduled processing
Starting ProtocolHandler ["http-nio-8100"]
Using a shared selector for servlet write/read
Tomcat started on port(s): 8100 (http) with context path ''
Started ServerAs400 in 4.418 seconds (JVM running for 5.32)
disp
Initializing Spring FrameworkServlet 'dispatcherServlet'
FrameworkServlet 'dispatcherServlet': initialization started
FrameworkServlet 'dispatcherServlet': initialization completed in 19 ms
Starting ServerAs400 on lorenzo with PID 26901 (/home/lorenzo/workspace/idea_projects/ServerAs400Json/build/classes/java/main started by lorenzo in /home/lorenzo/workspace/idea_projects/ServerAs400Json)
Running with Spring Boot v2.0.5.RELEASE, Spring v5.0.9.RELEASE
No active profile set, falling back to default profiles: default
Refreshing org.springframework.boot.web.servlet.context.AnnotationConfigServletWebServerApplicationContext@5c86dbc5: startup date [Tue Nov 05 14:15:15 CET 2019]; root of context hierarchy
Bean 'asyncTaskConfig' of type [AsyncTaskConfig$$EnhancerBySpringCGLIB$$d32f9bb9] is not eligible for getting processed by all BeanPostProcessors (for example: not eligible for auto-proxying)
Initializing ExecutorService 
Tomcat initialized with port(s): 8100 (http)
Initializing ProtocolHandler ["http-nio-8100"]
Starting service [Tomcat]
Starting Servlet Engine: Apache Tomcat/8.5.34
The APR based Apache Tomcat Native library which allows optimal performance in production environments was not found on the java.library.path: [/usr/java/packages/lib/amd64:/usr/lib64:/lib64:/lib:/usr/lib]
Initializing Spring embedded WebApplicationContext
Root WebApplicationContext: initialization completed in 1742 ms
Servlet dispatcherServlet mapped to [/]
Mapping filter: 'characterEncodingFilter' to: [/*]
Mapping filter: 'hiddenHttpMethodFilter' to: [/*]
Mapping filter: 'httpPutFormContentFilter' to: [/*]
Mapping filter: 'requestContextFilter' to: [/*]
Mapped URL path [/**/favicon.ico] onto handler of type [class org.springframework.web.servlet.resource.ResourceHttpRequestHandler]
Looking for @ControllerAdvice: org.springframework.boot.web.servlet.context.AnnotationConfigServletWebServerApplicationContext@5c86dbc5: startup date [Tue Nov 05 14:15:15 CET 2019]; root of context hierarchy
Mapped "{[/b2b/requestData1]}" onto public org.json.simple.JSONObject DisponibilitaController.getJSON(java.lang.String)
Mapped "{[/b2b/requestData]}" onto public java.lang.String InvioDatiController.getDati(java.lang.String)
Mapped "{[/b2b/settingdata?]}" onto public java.lang.String InvioDatiController.invioDati(java.lang.String,java.lang.String)
Mapped "{[/b2b/budget]}" onto public org.json.simple.JSONObject InvioDatiController.getDisponibilita(java.lang.String)
Mapped "{[/error],produces=[text/html]}" onto public org.springframework.web.servlet.ModelAndView org.springframework.boot.autoconfigure.web.servlet.error.BasicErrorController.errorHtml(javax.servlet.http.HttpServletRequest,javax.servlet.http.HttpServletResponse)
Mapped "{[/error]}" onto public org.springframework.http.ResponseEntity<java.util.Map<java.lang.String, java.lang.Object>> org.springframework.boot.autoconfigure.web.servlet.error.BasicErrorController.error(javax.servlet.http.HttpServletRequest)
Mapped URL path [/webjars/**] onto handler of type [class org.springframework.web.servlet.resource.ResourceHttpRequestHandler]
Mapped URL path [/**] onto handler of type [class org.springframework.web.servlet.resource.ResourceHttpRequestHandler]
Registering beans for JMX exposure on startup
No TaskScheduler/ScheduledExecutorService bean found for scheduled processing
Starting ProtocolHandler ["http-nio-8100"]
Using a shared selector for servlet write/read
Tomcat started on port(s): 8100 (http) with context path ''
Started ServerAs400 in 3.536 seconds (JVM running for 3.977)
disp
Initializing Spring FrameworkServlet 'dispatcherServlet'
FrameworkServlet 'dispatcherServlet': initialization started
FrameworkServlet 'dispatcherServlet': initialization completed in 15 ms
Starting ServerAs400 on lorenzo with PID 28110 (/home/lorenzo/workspace/idea_projects/ServerAs400Json/build/classes/java/main started by lorenzo in /home/lorenzo/workspace/idea_projects/ServerAs400Json)
Running with Spring Boot v2.0.5.RELEASE, Spring v5.0.9.RELEASE
No active profile set, falling back to default profiles: default
Refreshing org.springframework.boot.web.servlet.context.AnnotationConfigServletWebServerApplicationContext@60db1c0e: startup date [Tue Nov 05 14:32:47 CET 2019]; root of context hierarchy
Bean 'asyncTaskConfig' of type [AsyncTaskConfig$$EnhancerBySpringCGLIB$$96337cdd] is not eligible for getting processed by all BeanPostProcessors (for example: not eligible for auto-proxying)
Initializing ExecutorService 
Tomcat initialized with port(s): 8100 (http)
Initializing ProtocolHandler ["http-nio-8100"]
Starting service [Tomcat]
Starting Servlet Engine: Apache Tomcat/8.5.34
The APR based Apache Tomcat Native library which allows optimal performance in production environments was not found on the java.library.path: [/usr/java/packages/lib/amd64:/usr/lib64:/lib64:/lib:/usr/lib]
Initializing Spring embedded WebApplicationContext
Root WebApplicationContext: initialization completed in 1774 ms
Servlet dispatcherServlet mapped to [/]
Mapping filter: 'characterEncodingFilter' to: [/*]
Mapping filter: 'hiddenHttpMethodFilter' to: [/*]
Mapping filter: 'httpPutFormContentFilter' to: [/*]
Mapping filter: 'requestContextFilter' to: [/*]
Mapped URL path [/**/favicon.ico] onto handler of type [class org.springframework.web.servlet.resource.ResourceHttpRequestHandler]
Looking for @ControllerAdvice: org.springframework.boot.web.servlet.context.AnnotationConfigServletWebServerApplicationContext@60db1c0e: startup date [Tue Nov 05 14:32:47 CET 2019]; root of context hierarchy
Mapped "{[/b2b/requestData1]}" onto public org.json.simple.JSONObject DisponibilitaController.getJSON(java.lang.String)
Mapped "{[/b2b/settingdata]}" onto public java.lang.String InvioDatiController.invioDati(java.lang.String,java.lang.String)
Mapped "{[/b2b/requestData]}" onto public java.lang.String InvioDatiController.getDati(java.lang.String)
Mapped "{[/b2b/budget]}" onto public org.json.simple.JSONObject InvioDatiController.getDisponibilita(java.lang.String)
Mapped "{[/error],produces=[text/html]}" onto public org.springframework.web.servlet.ModelAndView org.springframework.boot.autoconfigure.web.servlet.error.BasicErrorController.errorHtml(javax.servlet.http.HttpServletRequest,javax.servlet.http.HttpServletResponse)
Mapped "{[/error]}" onto public org.springframework.http.ResponseEntity<java.util.Map<java.lang.String, java.lang.Object>> org.springframework.boot.autoconfigure.web.servlet.error.BasicErrorController.error(javax.servlet.http.HttpServletRequest)
Mapped URL path [/webjars/**] onto handler of type [class org.springframework.web.servlet.resource.ResourceHttpRequestHandler]
Mapped URL path [/**] onto handler of type [class org.springframework.web.servlet.resource.ResourceHttpRequestHandler]
Registering beans for JMX exposure on startup
No TaskScheduler/ScheduledExecutorService bean found for scheduled processing
Starting ProtocolHandler ["http-nio-8100"]
Using a shared selector for servlet write/read
Tomcat started on port(s): 8100 (http) with context path ''
Started ServerAs400 in 3.435 seconds (JVM running for 3.978)
disp
Initializing Spring FrameworkServlet 'dispatcherServlet'
FrameworkServlet 'dispatcherServlet': initialization started
FrameworkServlet 'dispatcherServlet': initialization completed in 18 ms
