Starting ServerAs400 on lorenzo with PID 10693 (/home/lorenzo/workspace/idea_projects/ServerAs400Json/build/classes/java/main started by lorenzo in /home/lorenzo/workspace/idea_projects/ServerAs400Json)
Running with Spring Boot v2.0.5.RELEASE, Spring v5.0.9.RELEASE
No active profile set, falling back to default profiles: default
Refreshing org.springframework.boot.web.servlet.context.AnnotationConfigServletWebServerApplicationContext@6cc4cdb9: startup date [Wed Oct 30 19:59:29 CET 2019]; root of context hierarchy
Bean 'asyncTaskConfig' of type [AsyncTaskConfig$$EnhancerBySpringCGLIB$$4d2ff639] is not eligible for getting processed by all BeanPostProcessors (for example: not eligible for auto-proxying)
Initializing ExecutorService 
Tomcat initialized with port(s): 8100 (http)
Initializing ProtocolHandler ["http-nio-8100"]
Starting service [Tomcat]
Starting Servlet Engine: Apache Tomcat/8.5.34
The APR based Apache Tomcat Native library which allows optimal performance in production environments was not found on the java.library.path: [/usr/java/packages/lib/amd64:/usr/lib64:/lib64:/lib:/usr/lib]
Initializing Spring embedded WebApplicationContext
Root WebApplicationContext: initialization completed in 4670 ms
Servlet dispatcherServlet mapped to [/]
Mapping filter: 'characterEncodingFilter' to: [/*]
Mapping filter: 'hiddenHttpMethodFilter' to: [/*]
Mapping filter: 'httpPutFormContentFilter' to: [/*]
Mapping filter: 'requestContextFilter' to: [/*]
Mapped URL path [/**/favicon.ico] onto handler of type [class org.springframework.web.servlet.resource.ResourceHttpRequestHandler]
Looking for @ControllerAdvice: org.springframework.boot.web.servlet.context.AnnotationConfigServletWebServerApplicationContext@6cc4cdb9: startup date [Wed Oct 30 19:59:29 CET 2019]; root of context hierarchy
Mapped "{[/b2b/requestData1]}" onto public org.json.simple.JSONObject DisponibilitaController.getJSON(java.lang.String)
Mapped "{[/b2b/budget]}" onto public org.json.simple.JSONObject InvioDatiController.getDisponibilita(java.lang.String)
Mapped "{[/b2b/settingdata]}" onto public java.lang.String InvioDatiController.invioDati(java.lang.String,java.lang.String)
Mapped "{[/b2b/requestData]}" onto public java.lang.String InvioDatiController.getDati(java.lang.String)
Mapped "{[/error],produces=[text/html]}" onto public org.springframework.web.servlet.ModelAndView org.springframework.boot.autoconfigure.web.servlet.error.BasicErrorController.errorHtml(javax.servlet.http.HttpServletRequest,javax.servlet.http.HttpServletResponse)
Mapped "{[/error]}" onto public org.springframework.http.ResponseEntity<java.util.Map<java.lang.String, java.lang.Object>> org.springframework.boot.autoconfigure.web.servlet.error.BasicErrorController.error(javax.servlet.http.HttpServletRequest)
Mapped URL path [/webjars/**] onto handler of type [class org.springframework.web.servlet.resource.ResourceHttpRequestHandler]
Mapped URL path [/**] onto handler of type [class org.springframework.web.servlet.resource.ResourceHttpRequestHandler]
Registering beans for JMX exposure on startup
No TaskScheduler/ScheduledExecutorService bean found for scheduled processing
Starting ProtocolHandler ["http-nio-8100"]
Using a shared selector for servlet write/read
Tomcat started on port(s): 8100 (http) with context path ''
Started ServerAs400 in 9.458 seconds (JVM running for 10.612)
disp
Initializing Spring FrameworkServlet 'dispatcherServlet'
FrameworkServlet 'dispatcherServlet': initialization started
FrameworkServlet 'dispatcherServlet': initialization completed in 37 ms
{"informazioni_trasmissione": {"data_trasmissione": "10-30-2019 20:17:02", "customer": "EURB2B_ORDER"}, "testata_oh": {"anno_ordine": "2019", "numero_ordine": 1, "divisione": "A", "codice_societa": "000001", "mm_gg_ordine": "1018", "causale_ordine": "RW", "codice_cliente": "000915", "data_prima_evasione": "04042019", "codice_destinazione_merce": "001", "data_rif_ordine_cliente": "040420190", "modalita_spedizione": "09", "modalita_consegna": "04", "codice_listino_prezzi": "R1", "codice_pagamento": "WPP", "tipo_supporto": "W"}, "righe_oh": [{"anno_ordine": "18", "numero_ordine": 1, "divisione": "A", "codice_societa": "000001", "riga_supp_esterno": 1, "codice_articolo": "580501", "codice_causale_ordine": "1", "qta_ordinata": "1.00", "prezzo_digitato": 10.25}], "vettori": ["186"], "note": [".dFT", "Ordine EUROITALIA AGENTE", "Ordine di test con indirizzo gi\u00e0 in archivio"]}
{"informazioni_trasmissione": {"data_trasmissione": "10-30-2019 20:26:06", "customer": "EURB2B_ORDER"}, "testata_oh": {"anno_ordine": "2019", "numero_ordine": 1, "divisione": "A", "codice_societa": "000001", "mm_gg_ordine": "1018", "causale_ordine": "RW", "codice_cliente": "000915", "data_prima_evasione": "04042019", "codice_destinazione_merce": "001", "data_rif_ordine_cliente": "040420190", "modalita_spedizione": "09", "modalita_consegna": "04", "codice_listino_prezzi": "R1", "codice_pagamento": "WPP", "tipo_supporto": "W"}, "righe_oh": [{"anno_ordine": "18", "numero_ordine": 1, "divisione": "A", "codice_societa": "000001", "riga_supp_esterno": 1, "codice_articolo": "580501", "codice_causale_ordine": "1", "qta_ordinata": "1.00", "prezzo_digitato": 10.25}], "vettori": ["186"], "note": [".dFT", "Ordine EUROITALIA AGENTE", "Ordine di test con indirizzo gi\u00e0 in archivio"]}
{"informazioni_trasmissione": {"data_trasmissione": "10-30-2019 20:27:23", "customer": "EURB2B_ORDER"}, "testata_oh": {"anno_ordine": "2019", "numero_ordine": 1, "divisione": "A", "codice_societa": "000001", "mm_gg_ordine": "1018", "causale_ordine": "RW", "codice_cliente": "000915", "data_prima_evasione": "04042019", "codice_destinazione_merce": "001", "data_rif_ordine_cliente": "040420190", "modalita_spedizione": "09", "modalita_consegna": "04", "codice_listino_prezzi": "R1", "codice_pagamento": "WPP", "tipo_supporto": "W"}, "righe_oh": [{"anno_ordine": "18", "numero_ordine": 1, "divisione": "A", "codice_societa": "000001", "riga_supp_esterno": 1, "codice_articolo": "580501", "codice_causale_ordine": "1", "qta_ordinata": "1.00", "prezzo_digitato": 10.25}], "vettori": ["186"], "note": [".dFT", "Ordine EUROITALIA AGENTE", "Ordine di test con indirizzo gi\u00e0 in archivio"]}
{"informazioni_trasmissione": {"data_trasmissione": "10-30-2019 20:28:34", "customer": "EURB2B_ORDER"}, "testata_oh": {"anno_ordine": "2019", "numero_ordine": 1, "divisione": "A", "codice_societa": "000001", "mm_gg_ordine": "1018", "causale_ordine": "RW", "codice_cliente": "000915", "data_prima_evasione": "04042019", "codice_destinazione_merce": "001", "data_rif_ordine_cliente": "040420190", "modalita_spedizione": "09", "modalita_consegna": "04", "codice_listino_prezzi": "R1", "codice_pagamento": "WPP", "tipo_supporto": "W"}, "righe_oh": [{"anno_ordine": "18", "numero_ordine": 1, "divisione": "A", "codice_societa": "000001", "riga_supp_esterno": 1, "codice_articolo": "580501", "codice_causale_ordine": "1", "qta_ordinata": "1.00", "prezzo_digitato": 10.25}], "vettori": ["186"], "note": [".dFT", "Ordine EUROITALIA AGENTE", "Ordine di test con indirizzo gi\u00e0 in archivio"]}
 Esecuzione  Esecuzione8Task 
 Esecuzione  Esecuzione8Task fine
 Esecuzione  Esecuzione3Task
